<?xml version="1.0" encoding="utf-8"?><testsuite errors="0" failures="0" name="pytest" skips="0" tests="10" time="2.824"><testcase classname="test_submit" file="test_submit.py" line="3" name="test_q1" time="0.0003802776336669922"></testcase><testcase classname="test_submit" file="test_submit.py" line="9" name="test_q2" time="0.1457507610321045"></testcase><testcase classname="test_submit" file="test_submit.py" line="15" name="test_q3" time="0.0044040679931640625"></testcase><testcase classname="test_submit" file="test_submit.py" line="21" name="test_q4" time="0.019852399826049805"></testcase><testcase classname="test_submit" file="test_submit.py" line="27" name="test_q5" time="0.2065882682800293"></testcase><testcase classname="test_submit" file="test_submit.py" line="33" name="test_q6" time="0.0035142898559570312"></testcase><testcase classname="test_submit" file="test_submit.py" line="39" name="test_q7" time="0.01937389373779297"></testcase><testcase classname="test_submit" file="test_submit.py" line="45" name="test_q8" time="0.685662031173706"></testcase><testcase classname="test_submit" file="test_submit.py" line="51" name="test_q9" time="0.06711769104003906"></testcase><testcase classname="test_submit" file="test_submit.py" line="57" name="test_q10" time="0.019350051879882812"></testcase></testsuite>